<?xml version="1.0" encoding="UTF-8"?>
<!-- Generated by org.testng.reporters.JUnitReportReporter -->
<testsuite hostname="5CD1394VXG" failures="0" tests="1" name="tests.TestAddRequirement" time="49.986" errors="0" timestamp="2024-06-04T17:07:13 IST" skipped="0">
  <testcase classname="tests.TestAddRequirement" name="testAddRequirmentVerification" time="49.986"/>
  <system-out/>
</testsuite> <!-- tests.TestAddRequirement -->
