<?xml version="1.0" encoding="UTF-8"?>
<!-- Generated by org.testng.reporters.JUnitReportReporter -->
<testsuite hostname="5CD1394VXG" failures="0" tests="2" name="tests.TestViewRequirement" time="10.507" errors="0" timestamp="2024-06-03T18:13:27 IST" skipped="0">
  <testcase classname="tests.TestViewRequirement" name="testViewRequirment" time="8.256"/>
  <system-out/>
  <testcase classname="tests.TestViewRequirement" name="testlogout" time="2.251"/>
  <system-out/>
</testsuite> <!-- tests.TestViewRequirement -->
