<?xml version="1.0" encoding="UTF-8"?>
<!-- Generated by org.testng.reporters.JUnitReportReporter -->
<testsuite hostname="5CD1394VXG" failures="0" tests="5" name="test.com.macfreq.requirement" time="74.737" errors="0" timestamp="2024-05-28T16:48:01 IST" skipped="0">
  <testcase classname="test.com.macfreq.requirement" name="Login" time="0.514"/>
  <system-out/>
  <testcase classname="test.com.macfreq.requirement" name="verifyAddRequirement" time="46.732"/>
  <system-out/>
  <testcase classname="test.com.macfreq.requirement" name="verifyRequirementView" time="8.457"/>
  <system-out/>
  <testcase classname="test.com.macfreq.requirement" name="verifyRequirementUpdate" time="6.399"/>
  <system-out/>
  <testcase classname="test.com.macfreq.requirement" name="VerifyRequirementDelete" time="12.635"/>
  <system-out/>
</testsuite> <!-- test.com.macfreq.requirement -->
