<?xml version="1.0" encoding="UTF-8"?>
<!-- Generated by org.testng.reporters.JUnitReportReporter -->
<testsuite hostname="5CD1394VXG" failures="0" tests="1" name="tests.requirment" time="4.565" errors="0" timestamp="2024-05-29T14:15:33 IST" skipped="0">
  <testcase classname="tests.requirment" name="loginVerification" time="4.565"/>
  <system-out/>
</testsuite> <!-- tests.requirment -->
