<?xml version="1.0" encoding="UTF-8"?>
<!-- Generated by org.testng.reporters.JUnitReportReporter -->
<testsuite hostname="5CD1394VXG" failures="0" tests="1" name="tests.TestAddRequirement" time="41.855" errors="0" timestamp="2024-06-03T18:13:27 IST" skipped="0">
  <testcase classname="tests.TestAddRequirement" name="testAddRequirmentVerification" time="41.855"/>
  <system-out/>
</testsuite> <!-- tests.TestAddRequirement -->
