<?xml version="1.0" encoding="UTF-8"?>
<!-- Generated by org.testng.reporters.JUnitReportReporter -->
<testsuite hostname="5CD1394VXG" failures="0" tests="1" name="tests.LoginVerification" time="4.203" errors="0" timestamp="2024-06-03T18:13:27 IST" skipped="0">
  <testcase classname="tests.LoginVerification" name="testloginVerification" time="4.203"/>
  <system-out/>
</testsuite> <!-- tests.LoginVerification -->
