<?xml version="1.0" encoding="UTF-8"?>
<!-- Generated by org.testng.reporters.JUnitReportReporter -->
<testsuite hostname="5CD1394VXG" failures="0" tests="1" name="tests.AddRequirementVerification" time="0.283" errors="0" timestamp="2024-06-03T16:15:20 IST" skipped="0">
  <testcase classname="tests.AddRequirementVerification" name="testAddRequirmentVerification" time="0.283"/>
  <system-out/>
</testsuite> <!-- tests.AddRequirementVerification -->
